{"C:\\Users\\Usuario\\Desktop\\Proyecto-Sistema-React-main\\Proyecto-Sistema-React-main\\app\\(auth)\\login.tsx": {"path":"C:\\Users\\Usuario\\Desktop\\Proyecto-Sistema-React-main\\Proyecto-Sistema-React-main\\app\\(auth)\\login.tsx","statementMap":{"0":{"start":{"line":21,"column":17},"end":{"line":21,"column":28}},"1":{"start":{"line":22,"column":20},"end":{"line":22,"column":44}},"2":{"start":{"line":24,"column":28},"end":{"line":24,"column":40}},"3":{"start":{"line":25,"column":34},"end":{"line":25,"column":46}},"4":{"start":{"line":26,"column":32},"end":{"line":26,"column":75}},"5":{"start":{"line":27,"column":32},"end":{"line":27,"column":75}},"6":{"start":{"line":28,"column":32},"end":{"line":28,"column":47}},"7":{"start":{"line":29,"column":32},"end":{"line":29,"column":47}},"8":{"start":{"line":30,"column":28},"end":{"line":30,"column":40}},"9":{"start":{"line":31,"column":42},"end":{"line":31,"column":57}},"10":{"start":{"line":34,"column":2},"end":{"line":43,"column":16}},"11":{"start":{"line":35,"column":4},"end":{"line":42,"column":5}},"12":{"start":{"line":36,"column":16},"end":{"line":40,"column":14}},"13":{"start":{"line":37,"column":8},"end":{"line":37,"column":26}},"14":{"start":{"line":38,"column":8},"end":{"line":38,"column":30}},"15":{"start":{"line":39,"column":8},"end":{"line":39,"column":32}},"16":{"start":{"line":41,"column":6},"end":{"line":41,"column":35}},"17":{"start":{"line":41,"column":19},"end":{"line":41,"column":34}},"18":{"start":{"line":46,"column":2},"end":{"line":51,"column":14}},"19":{"start":{"line":47,"column":4},"end":{"line":50,"column":5}},"20":{"start":{"line":48,"column":16},"end":{"line":48,"column":52}},"21":{"start":{"line":48,"column":33},"end":{"line":48,"column":45}},"22":{"start":{"line":49,"column":6},"end":{"line":49,"column":35}},"23":{"start":{"line":49,"column":19},"end":{"line":49,"column":34}},"24":{"start":{"line":53,"column":23},"end":{"line":53,"column":42}},"25":{"start":{"line":54,"column":26},"end":{"line":54,"column":46}},"26":{"start":{"line":55,"column":22},"end":{"line":55,"column":53}},"27":{"start":{"line":57,"column":21},"end":{"line":60,"column":3}},"28":{"start":{"line":58,"column":4},"end":{"line":58,"column":21}},"29":{"start":{"line":59,"column":4},"end":{"line":59,"column":53}},"30":{"start":{"line":59,"column":24},"end":{"line":59,"column":50}},"31":{"start":{"line":62,"column":22},"end":{"line":84,"column":3}},"32":{"start":{"line":63,"column":4},"end":{"line":63,"column":48}},"33":{"start":{"line":64,"column":4},"end":{"line":66,"column":5}},"34":{"start":{"line":65,"column":6},"end":{"line":65,"column":13}},"35":{"start":{"line":67,"column":4},"end":{"line":67,"column":21}},"36":{"start":{"line":68,"column":4},"end":{"line":83,"column":5}},"37":{"start":{"line":69,"column":18},"end":{"line":73,"column":8}},"38":{"start":{"line":74,"column":19},"end":{"line":74,"column":35}},"39":{"start":{"line":75,"column":6},"end":{"line":75,"column":75}},"40":{"start":{"line":75,"column":19},"end":{"line":75,"column":75}},"41":{"start":{"line":76,"column":6},"end":{"line":76,"column":54}},"42":{"start":{"line":77,"column":6},"end":{"line":77,"column":74}},"43":{"start":{"line":78,"column":6},"end":{"line":78,"column":23}},"44":{"start":{"line":80,"column":6},"end":{"line":80,"column":51}},"45":{"start":{"line":82,"column":6},"end":{"line":82,"column":24}},"46":{"start":{"line":86,"column":2},"end":{"line":209,"column":4}},"47":{"start":{"line":110,"column":31},"end":{"line":110,"column":50}},"48":{"start":{"line":111,"column":30},"end":{"line":111,"column":49}},"49":{"start":{"line":133,"column":31},"end":{"line":133,"column":53}},"50":{"start":{"line":134,"column":30},"end":{"line":134,"column":52}},"51":{"start":{"line":149,"column":40},"end":{"line":149,"column":118}},"52":{"start":{"line":162,"column":31},"end":{"line":162,"column":69}},"53":{"start":{"line":164,"column":40},"end":{"line":164,"column":134}},"54":{"start":{"line":172,"column":31},"end":{"line":172,"column":62}},"55":{"start":{"line":174,"column":40},"end":{"line":174,"column":134}}},"fnMap":{"0":{"name":"Login","decl":{"start":{"line":20,"column":24},"end":{"line":20,"column":29}},"loc":{"start":{"line":20,"column":32},"end":{"line":210,"column":1}},"line":20},"1":{"name":"(anonymous_1)","decl":{"start":{"line":34,"column":12},"end":{"line":34,"column":13}},"loc":{"start":{"line":34,"column":18},"end":{"line":43,"column":3}},"line":34},"2":{"name":"(anonymous_2)","decl":{"start":{"line":36,"column":27},"end":{"line":36,"column":28}},"loc":{"start":{"line":36,"column":33},"end":{"line":40,"column":7}},"line":36},"3":{"name":"(anonymous_3)","decl":{"start":{"line":41,"column":13},"end":{"line":41,"column":14}},"loc":{"start":{"line":41,"column":19},"end":{"line":41,"column":34}},"line":41},"4":{"name":"(anonymous_4)","decl":{"start":{"line":46,"column":12},"end":{"line":46,"column":13}},"loc":{"start":{"line":46,"column":18},"end":{"line":51,"column":3}},"line":46},"5":{"name":"(anonymous_5)","decl":{"start":{"line":48,"column":27},"end":{"line":48,"column":28}},"loc":{"start":{"line":48,"column":33},"end":{"line":48,"column":45}},"line":48},"6":{"name":"(anonymous_6)","decl":{"start":{"line":49,"column":13},"end":{"line":49,"column":14}},"loc":{"start":{"line":49,"column":19},"end":{"line":49,"column":34}},"line":49},"7":{"name":"(anonymous_7)","decl":{"start":{"line":57,"column":21},"end":{"line":57,"column":22}},"loc":{"start":{"line":57,"column":54},"end":{"line":60,"column":3}},"line":57},"8":{"name":"(anonymous_8)","decl":{"start":{"line":59,"column":15},"end":{"line":59,"column":16}},"loc":{"start":{"line":59,"column":24},"end":{"line":59,"column":50}},"line":59},"9":{"name":"(anonymous_9)","decl":{"start":{"line":62,"column":22},"end":{"line":62,"column":23}},"loc":{"start":{"line":62,"column":34},"end":{"line":84,"column":3}},"line":62},"10":{"name":"(anonymous_10)","decl":{"start":{"line":110,"column":25},"end":{"line":110,"column":26}},"loc":{"start":{"line":110,"column":31},"end":{"line":110,"column":50}},"line":110},"11":{"name":"(anonymous_11)","decl":{"start":{"line":111,"column":24},"end":{"line":111,"column":25}},"loc":{"start":{"line":111,"column":30},"end":{"line":111,"column":49}},"line":111},"12":{"name":"(anonymous_12)","decl":{"start":{"line":133,"column":25},"end":{"line":133,"column":26}},"loc":{"start":{"line":133,"column":31},"end":{"line":133,"column":53}},"line":133},"13":{"name":"(anonymous_13)","decl":{"start":{"line":134,"column":24},"end":{"line":134,"column":25}},"loc":{"start":{"line":134,"column":30},"end":{"line":134,"column":52}},"line":134},"14":{"name":"(anonymous_14)","decl":{"start":{"line":149,"column":23},"end":{"line":149,"column":24}},"loc":{"start":{"line":149,"column":40},"end":{"line":149,"column":118}},"line":149},"15":{"name":"(anonymous_15)","decl":{"start":{"line":162,"column":25},"end":{"line":162,"column":26}},"loc":{"start":{"line":162,"column":31},"end":{"line":162,"column":69}},"line":162},"16":{"name":"(anonymous_16)","decl":{"start":{"line":164,"column":23},"end":{"line":164,"column":24}},"loc":{"start":{"line":164,"column":40},"end":{"line":164,"column":134}},"line":164},"17":{"name":"(anonymous_17)","decl":{"start":{"line":172,"column":25},"end":{"line":172,"column":26}},"loc":{"start":{"line":172,"column":31},"end":{"line":172,"column":62}},"line":172},"18":{"name":"(anonymous_18)","decl":{"start":{"line":174,"column":23},"end":{"line":174,"column":24}},"loc":{"start":{"line":174,"column":40},"end":{"line":174,"column":134}},"line":174}},"branchMap":{"0":{"loc":{"start":{"line":35,"column":4},"end":{"line":42,"column":5}},"type":"if","locations":[{"start":{"line":35,"column":4},"end":{"line":42,"column":5}},{"start":{},"end":{}}],"line":35},"1":{"loc":{"start":{"line":47,"column":4},"end":{"line":50,"column":5}},"type":"if","locations":[{"start":{"line":47,"column":4},"end":{"line":50,"column":5}},{"start":{},"end":{}}],"line":47},"2":{"loc":{"start":{"line":55,"column":22},"end":{"line":55,"column":53}},"type":"binary-expr","locations":[{"start":{"line":55,"column":22},"end":{"line":55,"column":34}},{"start":{"line":55,"column":38},"end":{"line":55,"column":53}}],"line":55},"3":{"loc":{"start":{"line":64,"column":4},"end":{"line":66,"column":5}},"type":"if","locations":[{"start":{"line":64,"column":4},"end":{"line":66,"column":5}},{"start":{},"end":{}}],"line":64},"4":{"loc":{"start":{"line":75,"column":6},"end":{"line":75,"column":75}},"type":"if","locations":[{"start":{"line":75,"column":6},"end":{"line":75,"column":75}},{"start":{},"end":{}}],"line":75},"5":{"loc":{"start":{"line":75,"column":35},"end":{"line":75,"column":73}},"type":"binary-expr","locations":[{"start":{"line":75,"column":35},"end":{"line":75,"column":45}},{"start":{"line":75,"column":49},"end":{"line":75,"column":73}}],"line":75},"6":{"loc":{"start":{"line":80,"column":15},"end":{"line":80,"column":49}},"type":"binary-expr","locations":[{"start":{"line":80,"column":15},"end":{"line":80,"column":26}},{"start":{"line":80,"column":30},"end":{"line":80,"column":49}}],"line":80},"7":{"loc":{"start":{"line":93,"column":22},"end":{"line":93,"column":66}},"type":"cond-expr","locations":[{"start":{"line":93,"column":46},"end":{"line":93,"column":55}},{"start":{"line":93,"column":58},"end":{"line":93,"column":66}}],"line":93},"8":{"loc":{"start":{"line":107,"column":97},"end":{"line":107,"column":142}},"type":"cond-expr","locations":[{"start":{"line":107,"column":119},"end":{"line":107,"column":137}},{"start":{"line":107,"column":140},"end":{"line":107,"column":142}}],"line":107},"9":{"loc":{"start":{"line":107,"column":146},"end":{"line":107,"column":200}},"type":"cond-expr","locations":[{"start":{"line":107,"column":179},"end":{"line":107,"column":195}},{"start":{"line":107,"column":198},"end":{"line":107,"column":200}}],"line":107},"10":{"loc":{"start":{"line":107,"column":146},"end":{"line":107,"column":176}},"type":"binary-expr","locations":[{"start":{"line":107,"column":146},"end":{"line":107,"column":159}},{"start":{"line":107,"column":163},"end":{"line":107,"column":176}}],"line":107},"11":{"loc":{"start":{"line":116,"column":15},"end":{"line":120,"column":15}},"type":"binary-expr","locations":[{"start":{"line":116,"column":15},"end":{"line":116,"column":28}},{"start":{"line":116,"column":32},"end":{"line":116,"column":45}},{"start":{"line":117,"column":16},"end":{"line":119,"column":23}}],"line":116},"12":{"loc":{"start":{"line":130,"column":97},"end":{"line":130,"column":145}},"type":"cond-expr","locations":[{"start":{"line":130,"column":122},"end":{"line":130,"column":140}},{"start":{"line":130,"column":143},"end":{"line":130,"column":145}}],"line":130},"13":{"loc":{"start":{"line":130,"column":149},"end":{"line":130,"column":209}},"type":"cond-expr","locations":[{"start":{"line":130,"column":188},"end":{"line":130,"column":204}},{"start":{"line":130,"column":207},"end":{"line":130,"column":209}}],"line":130},"14":{"loc":{"start":{"line":130,"column":149},"end":{"line":130,"column":185}},"type":"binary-expr","locations":[{"start":{"line":130,"column":149},"end":{"line":130,"column":165}},{"start":{"line":130,"column":169},"end":{"line":130,"column":185}}],"line":130},"15":{"loc":{"start":{"line":137,"column":15},"end":{"line":141,"column":15}},"type":"binary-expr","locations":[{"start":{"line":137,"column":15},"end":{"line":137,"column":31}},{"start":{"line":137,"column":35},"end":{"line":137,"column":51}},{"start":{"line":138,"column":16},"end":{"line":140,"column":23}}],"line":137},"16":{"loc":{"start":{"line":149,"column":89},"end":{"line":149,"column":116}},"type":"cond-expr","locations":[{"start":{"line":149,"column":99},"end":{"line":149,"column":111}},{"start":{"line":149,"column":114},"end":{"line":149,"column":116}}],"line":149},"17":{"loc":{"start":{"line":151,"column":17},"end":{"line":155,"column":17}},"type":"cond-expr","locations":[{"start":{"line":152,"column":18},"end":{"line":152,"column":52}},{"start":{"line":154,"column":18},"end":{"line":154,"column":84}}],"line":151},"18":{"loc":{"start":{"line":163,"column":26},"end":{"line":163,"column":60}},"type":"binary-expr","locations":[{"start":{"line":163,"column":26},"end":{"line":163,"column":33}},{"start":{"line":163,"column":37},"end":{"line":163,"column":44}},{"start":{"line":163,"column":48},"end":{"line":163,"column":60}}],"line":163},"19":{"loc":{"start":{"line":164,"column":45},"end":{"line":164,"column":101}},"type":"cond-expr","locations":[{"start":{"line":164,"column":84},"end":{"line":164,"column":96}},{"start":{"line":164,"column":99},"end":{"line":164,"column":101}}],"line":164},"20":{"loc":{"start":{"line":164,"column":46},"end":{"line":164,"column":80}},"type":"binary-expr","locations":[{"start":{"line":164,"column":46},"end":{"line":164,"column":53}},{"start":{"line":164,"column":57},"end":{"line":164,"column":64}},{"start":{"line":164,"column":68},"end":{"line":164,"column":80}}],"line":164},"21":{"loc":{"start":{"line":164,"column":105},"end":{"line":164,"column":132}},"type":"cond-expr","locations":[{"start":{"line":164,"column":115},"end":{"line":164,"column":127}},{"start":{"line":164,"column":130},"end":{"line":164,"column":132}}],"line":164},"22":{"loc":{"start":{"line":173,"column":26},"end":{"line":173,"column":60}},"type":"binary-expr","locations":[{"start":{"line":173,"column":26},"end":{"line":173,"column":33}},{"start":{"line":173,"column":37},"end":{"line":173,"column":44}},{"start":{"line":173,"column":48},"end":{"line":173,"column":60}}],"line":173},"23":{"loc":{"start":{"line":174,"column":45},"end":{"line":174,"column":101}},"type":"cond-expr","locations":[{"start":{"line":174,"column":84},"end":{"line":174,"column":96}},{"start":{"line":174,"column":99},"end":{"line":174,"column":101}}],"line":174},"24":{"loc":{"start":{"line":174,"column":46},"end":{"line":174,"column":80}},"type":"binary-expr","locations":[{"start":{"line":174,"column":46},"end":{"line":174,"column":53}},{"start":{"line":174,"column":57},"end":{"line":174,"column":64}},{"start":{"line":174,"column":68},"end":{"line":174,"column":80}}],"line":174},"25":{"loc":{"start":{"line":174,"column":105},"end":{"line":174,"column":132}},"type":"cond-expr","locations":[{"start":{"line":174,"column":115},"end":{"line":174,"column":127}},{"start":{"line":174,"column":130},"end":{"line":174,"column":132}}],"line":174},"26":{"loc":{"start":{"line":186,"column":7},"end":{"line":195,"column":7}},"type":"binary-expr","locations":[{"start":{"line":186,"column":7},"end":{"line":186,"column":14}},{"start":{"line":187,"column":8},"end":{"line":194,"column":15}}],"line":186},"27":{"loc":{"start":{"line":198,"column":7},"end":{"line":207,"column":7}},"type":"binary-expr","locations":[{"start":{"line":198,"column":7},"end":{"line":198,"column":14}},{"start":{"line":199,"column":8},"end":{"line":206,"column":15}}],"line":198}},"s":{"0":0,"1":0,"2":0,"3":0,"4":0,"5":0,"6":0,"7":0,"8":0,"9":0,"10":0,"11":0,"12":0,"13":0,"14":0,"15":0,"16":0,"17":0,"18":0,"19":0,"20":0,"21":0,"22":0,"23":0,"24":0,"25":0,"26":0,"27":0,"28":0,"29":0,"30":0,"31":0,"32":0,"33":0,"34":0,"35":0,"36":0,"37":0,"38":0,"39":0,"40":0,"41":0,"42":0,"43":0,"44":0,"45":0,"46":0,"47":0,"48":0,"49":0,"50":0,"51":0,"52":0,"53":0,"54":0,"55":0},"f":{"0":0,"1":0,"2":0,"3":0,"4":0,"5":0,"6":0,"7":0,"8":0,"9":0,"10":0,"11":0,"12":0,"13":0,"14":0,"15":0,"16":0,"17":0,"18":0},"b":{"0":[0,0],"1":[0,0],"2":[0,0],"3":[0,0],"4":[0,0],"5":[0,0],"6":[0,0],"7":[0,0],"8":[0,0],"9":[0,0],"10":[0,0],"11":[0,0,0],"12":[0,0],"13":[0,0],"14":[0,0],"15":[0,0,0],"16":[0,0],"17":[0,0],"18":[0,0,0],"19":[0,0],"20":[0,0,0],"21":[0,0],"22":[0,0,0],"23":[0,0],"24":[0,0,0],"25":[0,0],"26":[0,0],"27":[0,0]},"_coverageSchema":"1a1c01bbd47fc00a2c39e90264f33305004495a9","hash":"34ec13919130619128eb44cc9cf713d04eb3b7ff"}
,"C:\\Users\\Usuario\\Desktop\\Proyecto-Sistema-React-main\\Proyecto-Sistema-React-main\\app\\(drawer)\\home.tsx": {"path":"C:\\Users\\Usuario\\Desktop\\Proyecto-Sistema-React-main\\Proyecto-Sistema-React-main\\app\\(drawer)\\home.tsx","statementMap":{"0":{"start":{"line":32,"column":30},"end":{"line":32,"column":51}},"1":{"start":{"line":33,"column":32},"end":{"line":33,"column":46}},"2":{"start":{"line":34,"column":38},"end":{"line":34,"column":53}},"3":{"start":{"line":35,"column":32},"end":{"line":35,"column":115}},"4":{"start":{"line":36,"column":42},"end":{"line":36,"column":70}},"5":{"start":{"line":37,"column":40},"end":{"line":37,"column":55}},"6":{"start":{"line":39,"column":21},"end":{"line":39,"column":36}},"7":{"start":{"line":42,"column":22},"end":{"line":58,"column":3}},"8":{"start":{"line":43,"column":4},"end":{"line":43,"column":21}},"9":{"start":{"line":44,"column":4},"end":{"line":57,"column":5}},"10":{"start":{"line":45,"column":20},"end":{"line":45,"column":55}},"11":{"start":{"line":46,"column":6},"end":{"line":46,"column":44}},"12":{"start":{"line":46,"column":20},"end":{"line":46,"column":34}},"13":{"start":{"line":46,"column":35},"end":{"line":46,"column":42}},"14":{"start":{"line":47,"column":18},"end":{"line":49,"column":8}},"15":{"start":{"line":50,"column":19},"end":{"line":50,"column":35}},"16":{"start":{"line":51,"column":6},"end":{"line":51,"column":28}},"17":{"start":{"line":53,"column":6},"end":{"line":53,"column":53}},"18":{"start":{"line":54,"column":6},"end":{"line":54,"column":20}},"19":{"start":{"line":56,"column":6},"end":{"line":56,"column":24}},"20":{"start":{"line":61,"column":2},"end":{"line":74,"column":4}},"21":{"start":{"line":63,"column":21},"end":{"line":71,"column":7}},"22":{"start":{"line":64,"column":20},"end":{"line":64,"column":57}},"23":{"start":{"line":65,"column":23},"end":{"line":65,"column":49}},"24":{"start":{"line":66,"column":20},"end":{"line":66,"column":49}},"25":{"start":{"line":67,"column":8},"end":{"line":67,"column":61}},"26":{"start":{"line":68,"column":8},"end":{"line":70,"column":9}},"27":{"start":{"line":69,"column":10},"end":{"line":69,"column":30}},"28":{"start":{"line":72,"column":6},"end":{"line":72,"column":15}},"29":{"start":{"line":76,"column":2},"end":{"line":80,"column":4}},"30":{"start":{"line":78,"column":6},"end":{"line":78,"column":28}},"31":{"start":{"line":82,"column":20},"end":{"line":88,"column":3}},"32":{"start":{"line":83,"column":4},"end":{"line":83,"column":24}},"33":{"start":{"line":84,"column":4},"end":{"line":86,"column":5}},"34":{"start":{"line":85,"column":6},"end":{"line":85,"column":26}},"35":{"start":{"line":87,"column":4},"end":{"line":87,"column":25}},"36":{"start":{"line":91,"column":26},"end":{"line":105,"column":4}},"37":{"start":{"line":92,"column":29},"end":{"line":92,"column":62}},"38":{"start":{"line":93,"column":24},"end":{"line":93,"column":63}},"39":{"start":{"line":95,"column":4},"end":{"line":104,"column":5}},"40":{"start":{"line":97,"column":8},"end":{"line":97,"column":81}},"41":{"start":{"line":99,"column":8},"end":{"line":99,"column":48}},"42":{"start":{"line":101,"column":8},"end":{"line":101,"column":83}},"43":{"start":{"line":103,"column":8},"end":{"line":103,"column":20}},"44":{"start":{"line":108,"column":22},"end":{"line":146,"column":3}},"45":{"start":{"line":109,"column":4},"end":{"line":145,"column":11}},"46":{"start":{"line":124,"column":10},"end":{"line":127,"column":12}},"47":{"start":{"line":148,"column":2},"end":{"line":248,"column":4}},"48":{"start":{"line":154,"column":41},"end":{"line":154,"column":88}},"49":{"start":{"line":174,"column":29},"end":{"line":174,"column":56}},"50":{"start":{"line":181,"column":29},"end":{"line":181,"column":59}},"51":{"start":{"line":188,"column":29},"end":{"line":188,"column":56}},"52":{"start":{"line":213,"column":14},"end":{"line":213,"column":35}},"53":{"start":{"line":214,"column":14},"end":{"line":214,"column":53}},"54":{"start":{"line":234,"column":34},"end":{"line":234,"column":63}}},"fnMap":{"0":{"name":"HomeScreen","decl":{"start":{"line":31,"column":24},"end":{"line":31,"column":34}},"loc":{"start":{"line":31,"column":37},"end":{"line":249,"column":1}},"line":31},"1":{"name":"(anonymous_1)","decl":{"start":{"line":42,"column":22},"end":{"line":42,"column":23}},"loc":{"start":{"line":42,"column":34},"end":{"line":58,"column":3}},"line":42},"2":{"name":"(anonymous_2)","decl":{"start":{"line":62,"column":16},"end":{"line":62,"column":17}},"loc":{"start":{"line":62,"column":22},"end":{"line":73,"column":5}},"line":62},"3":{"name":"(anonymous_3)","decl":{"start":{"line":63,"column":21},"end":{"line":63,"column":22}},"loc":{"start":{"line":63,"column":33},"end":{"line":71,"column":7}},"line":63},"4":{"name":"(anonymous_4)","decl":{"start":{"line":77,"column":16},"end":{"line":77,"column":17}},"loc":{"start":{"line":77,"column":22},"end":{"line":79,"column":5}},"line":77},"5":{"name":"(anonymous_5)","decl":{"start":{"line":82,"column":20},"end":{"line":82,"column":21}},"loc":{"start":{"line":82,"column":32},"end":{"line":88,"column":3}},"line":82},"6":{"name":"(anonymous_6)","decl":{"start":{"line":91,"column":40},"end":{"line":91,"column":41}},"loc":{"start":{"line":91,"column":49},"end":{"line":105,"column":3}},"line":91},"7":{"name":"(anonymous_7)","decl":{"start":{"line":108,"column":22},"end":{"line":108,"column":23}},"loc":{"start":{"line":109,"column":4},"end":{"line":145,"column":11}},"line":109},"8":{"name":"(anonymous_8)","decl":{"start":{"line":123,"column":17},"end":{"line":123,"column":18}},"loc":{"start":{"line":124,"column":10},"end":{"line":127,"column":12}},"line":124},"9":{"name":"(anonymous_9)","decl":{"start":{"line":154,"column":35},"end":{"line":154,"column":36}},"loc":{"start":{"line":154,"column":41},"end":{"line":154,"column":88}},"line":154},"10":{"name":"(anonymous_10)","decl":{"start":{"line":174,"column":23},"end":{"line":174,"column":24}},"loc":{"start":{"line":174,"column":29},"end":{"line":174,"column":56}},"line":174},"11":{"name":"(anonymous_11)","decl":{"start":{"line":181,"column":23},"end":{"line":181,"column":24}},"loc":{"start":{"line":181,"column":29},"end":{"line":181,"column":59}},"line":181},"12":{"name":"(anonymous_12)","decl":{"start":{"line":188,"column":23},"end":{"line":188,"column":24}},"loc":{"start":{"line":188,"column":29},"end":{"line":188,"column":56}},"line":188},"13":{"name":"(anonymous_13)","decl":{"start":{"line":212,"column":21},"end":{"line":212,"column":22}},"loc":{"start":{"line":212,"column":27},"end":{"line":215,"column":13}},"line":212},"14":{"name":"(anonymous_14)","decl":{"start":{"line":234,"column":26},"end":{"line":234,"column":27}},"loc":{"start":{"line":234,"column":34},"end":{"line":234,"column":63}},"line":234}},"branchMap":{"0":{"loc":{"start":{"line":46,"column":6},"end":{"line":46,"column":44}},"type":"if","locations":[{"start":{"line":46,"column":6},"end":{"line":46,"column":44}},{"start":{},"end":{}}],"line":46},"1":{"loc":{"start":{"line":51,"column":16},"end":{"line":51,"column":26}},"type":"binary-expr","locations":[{"start":{"line":51,"column":16},"end":{"line":51,"column":20}},{"start":{"line":51,"column":24},"end":{"line":51,"column":26}}],"line":51},"2":{"loc":{"start":{"line":65,"column":23},"end":{"line":65,"column":49}},"type":"cond-expr","locations":[{"start":{"line":65,"column":29},"end":{"line":65,"column":44}},{"start":{"line":65,"column":47},"end":{"line":65,"column":49}}],"line":65},"3":{"loc":{"start":{"line":66,"column":20},"end":{"line":66,"column":49}},"type":"binary-expr","locations":[{"start":{"line":66,"column":20},"end":{"line":66,"column":30}},{"start":{"line":66,"column":34},"end":{"line":66,"column":49}}],"line":66},"4":{"loc":{"start":{"line":67,"column":29},"end":{"line":67,"column":52}},"type":"binary-expr","locations":[{"start":{"line":67,"column":29},"end":{"line":67,"column":42}},{"start":{"line":67,"column":46},"end":{"line":67,"column":52}}],"line":67},"5":{"loc":{"start":{"line":68,"column":8},"end":{"line":70,"column":9}},"type":"if","locations":[{"start":{"line":68,"column":8},"end":{"line":70,"column":9}},{"start":{},"end":{}}],"line":68},"6":{"loc":{"start":{"line":84,"column":4},"end":{"line":86,"column":5}},"type":"if","locations":[{"start":{"line":84,"column":4},"end":{"line":86,"column":5}},{"start":{},"end":{}}],"line":84},"7":{"loc":{"start":{"line":92,"column":29},"end":{"line":92,"column":62}},"type":"binary-expr","locations":[{"start":{"line":92,"column":29},"end":{"line":92,"column":56}},{"start":{"line":92,"column":60},"end":{"line":92,"column":62}}],"line":92},"8":{"loc":{"start":{"line":93,"column":24},"end":{"line":93,"column":63}},"type":"binary-expr","locations":[{"start":{"line":93,"column":24},"end":{"line":93,"column":57}},{"start":{"line":93,"column":61},"end":{"line":93,"column":63}}],"line":93},"9":{"loc":{"start":{"line":95,"column":4},"end":{"line":104,"column":5}},"type":"switch","locations":[{"start":{"line":96,"column":6},"end":{"line":97,"column":81}},{"start":{"line":98,"column":6},"end":{"line":99,"column":48}},{"start":{"line":100,"column":6},"end":{"line":101,"column":83}},{"start":{"line":102,"column":6},"end":{"line":103,"column":20}}],"line":95},"10":{"loc":{"start":{"line":97,"column":15},"end":{"line":97,"column":80}},"type":"binary-expr","locations":[{"start":{"line":97,"column":15},"end":{"line":97,"column":45}},{"start":{"line":97,"column":49},"end":{"line":97,"column":80}}],"line":97},"11":{"loc":{"start":{"line":101,"column":15},"end":{"line":101,"column":82}},"type":"binary-expr","locations":[{"start":{"line":101,"column":15},"end":{"line":101,"column":46}},{"start":{"line":101,"column":50},"end":{"line":101,"column":82}}],"line":101},"12":{"loc":{"start":{"line":137,"column":37},"end":{"line":137,"column":95}},"type":"binary-expr","locations":[{"start":{"line":137,"column":37},"end":{"line":137,"column":88}},{"start":{"line":137,"column":92},"end":{"line":137,"column":95}}],"line":137},"13":{"loc":{"start":{"line":141,"column":13},"end":{"line":141,"column":45}},"type":"binary-expr","locations":[{"start":{"line":141,"column":13},"end":{"line":141,"column":24}},{"start":{"line":141,"column":28},"end":{"line":141,"column":45}}],"line":141},"14":{"loc":{"start":{"line":159,"column":13},"end":{"line":159,"column":71}},"type":"cond-expr","locations":[{"start":{"line":159,"column":47},"end":{"line":159,"column":55}},{"start":{"line":159,"column":58},"end":{"line":159,"column":71}}],"line":159},"15":{"loc":{"start":{"line":164,"column":7},"end":{"line":166,"column":7}},"type":"binary-expr","locations":[{"start":{"line":164,"column":8},"end":{"line":164,"column":31}},{"start":{"line":164,"column":35},"end":{"line":164,"column":60}},{"start":{"line":165,"column":8},"end":{"line":165,"column":45}}],"line":164},"16":{"loc":{"start":{"line":169,"column":7},"end":{"line":194,"column":7}},"type":"binary-expr","locations":[{"start":{"line":169,"column":7},"end":{"line":169,"column":38}},{"start":{"line":170,"column":8},"end":{"line":193,"column":15}}],"line":169},"17":{"loc":{"start":{"line":173,"column":43},"end":{"line":173,"column":116}},"type":"cond-expr","locations":[{"start":{"line":173,"column":73},"end":{"line":173,"column":111}},{"start":{"line":173,"column":114},"end":{"line":173,"column":116}}],"line":173},"18":{"loc":{"start":{"line":176,"column":32},"end":{"line":176,"column":96}},"type":"cond-expr","locations":[{"start":{"line":176,"column":62},"end":{"line":176,"column":78}},{"start":{"line":176,"column":81},"end":{"line":176,"column":96}}],"line":176},"19":{"loc":{"start":{"line":180,"column":43},"end":{"line":180,"column":119}},"type":"cond-expr","locations":[{"start":{"line":180,"column":76},"end":{"line":180,"column":114}},{"start":{"line":180,"column":117},"end":{"line":180,"column":119}}],"line":180},"20":{"loc":{"start":{"line":183,"column":32},"end":{"line":183,"column":99}},"type":"cond-expr","locations":[{"start":{"line":183,"column":65},"end":{"line":183,"column":81}},{"start":{"line":183,"column":84},"end":{"line":183,"column":99}}],"line":183},"21":{"loc":{"start":{"line":187,"column":43},"end":{"line":187,"column":116}},"type":"cond-expr","locations":[{"start":{"line":187,"column":73},"end":{"line":187,"column":111}},{"start":{"line":187,"column":114},"end":{"line":187,"column":116}}],"line":187},"22":{"loc":{"start":{"line":190,"column":32},"end":{"line":190,"column":96}},"type":"cond-expr","locations":[{"start":{"line":190,"column":62},"end":{"line":190,"column":78}},{"start":{"line":190,"column":81},"end":{"line":190,"column":96}}],"line":190},"23":{"loc":{"start":{"line":197,"column":7},"end":{"line":246,"column":7}},"type":"cond-expr","locations":[{"start":{"line":198,"column":8},"end":{"line":221,"column":15}},{"start":{"line":222,"column":10},"end":{"line":246,"column":7}}],"line":197},"24":{"loc":{"start":{"line":197,"column":8},"end":{"line":197,"column":60}},"type":"binary-expr","locations":[{"start":{"line":197,"column":8},"end":{"line":197,"column":31}},{"start":{"line":197,"column":35},"end":{"line":197,"column":60}}],"line":197},"25":{"loc":{"start":{"line":209,"column":25},"end":{"line":209,"column":46}},"type":"cond-expr","locations":[{"start":{"line":209,"column":39},"end":{"line":209,"column":42}},{"start":{"line":209,"column":45},"end":{"line":209,"column":46}}],"line":209},"26":{"loc":{"start":{"line":222,"column":10},"end":{"line":246,"column":7}},"type":"binary-expr","locations":[{"start":{"line":222,"column":10},"end":{"line":222,"column":41}},{"start":{"line":223,"column":8},"end":{"line":245,"column":9}}],"line":222},"27":{"loc":{"start":{"line":223,"column":8},"end":{"line":245,"column":9}},"type":"cond-expr","locations":[{"start":{"line":224,"column":10},"end":{"line":226,"column":17}},{"start":{"line":227,"column":12},"end":{"line":245,"column":9}}],"line":223},"28":{"loc":{"start":{"line":227,"column":12},"end":{"line":245,"column":9}},"type":"cond-expr","locations":[{"start":{"line":228,"column":10},"end":{"line":230,"column":17}},{"start":{"line":232,"column":10},"end":{"line":244,"column":12}}],"line":227}},"s":{"0":0,"1":0,"2":0,"3":0,"4":0,"5":0,"6":0,"7":0,"8":0,"9":0,"10":0,"11":0,"12":0,"13":0,"14":0,"15":0,"16":0,"17":0,"18":0,"19":0,"20":0,"21":0,"22":0,"23":0,"24":0,"25":0,"26":0,"27":0,"28":0,"29":0,"30":0,"31":0,"32":0,"33":0,"34":0,"35":0,"36":0,"37":0,"38":0,"39":0,"40":0,"41":0,"42":0,"43":0,"44":0,"45":0,"46":0,"47":0,"48":0,"49":0,"50":0,"51":0,"52":0,"53":0,"54":0},"f":{"0":0,"1":0,"2":0,"3":0,"4":0,"5":0,"6":0,"7":0,"8":0,"9":0,"10":0,"11":0,"12":0,"13":0,"14":0},"b":{"0":[0,0],"1":[0,0],"2":[0,0],"3":[0,0],"4":[0,0],"5":[0,0],"6":[0,0],"7":[0,0],"8":[0,0],"9":[0,0,0,0],"10":[0,0],"11":[0,0],"12":[0,0],"13":[0,0],"14":[0,0],"15":[0,0,0],"16":[0,0],"17":[0,0],"18":[0,0],"19":[0,0],"20":[0,0],"21":[0,0],"22":[0,0],"23":[0,0],"24":[0,0],"25":[0,0],"26":[0,0],"27":[0,0],"28":[0,0]},"_coverageSchema":"1a1c01bbd47fc00a2c39e90264f33305004495a9","hash":"774d96220a32f7fb99dbb2b61709b2d3f4033d2f"}
,"C:\\Users\\Usuario\\Desktop\\Proyecto-Sistema-React-main\\Proyecto-Sistema-React-main\\app\\(drawer)\\seguimiento_envio.tsx": {"path":"C:\\Users\\Usuario\\Desktop\\Proyecto-Sistema-React-main\\Proyecto-Sistema-React-main\\app\\(drawer)\\seguimiento_envio.tsx","statementMap":{"0":{"start":{"line":19,"column":18},"end":{"line":19,"column":42}},"1":{"start":{"line":20,"column":28},"end":{"line":20,"column":69}},"2":{"start":{"line":73,"column":28},"end":{"line":73,"column":56}},"3":{"start":{"line":74,"column":32},"end":{"line":74,"column":46}},"4":{"start":{"line":75,"column":28},"end":{"line":75,"column":57}},"5":{"start":{"line":76,"column":48},"end":{"line":76,"column":86}},"6":{"start":{"line":77,"column":44},"end":{"line":77,"column":84}},"7":{"start":{"line":79,"column":2},"end":{"line":81,"column":9}},"8":{"start":{"line":80,"column":4},"end":{"line":80,"column":23}},"9":{"start":{"line":84,"column":22},"end":{"line":107,"column":3}},"10":{"start":{"line":85,"column":4},"end":{"line":106,"column":5}},"11":{"start":{"line":86,"column":6},"end":{"line":86,"column":70}},"12":{"start":{"line":86,"column":32},"end":{"line":86,"column":67}},"13":{"start":{"line":88,"column":18},"end":{"line":88,"column":172}},"14":{"start":{"line":90,"column":23},"end":{"line":90,"column":39}},"15":{"start":{"line":91,"column":19},"end":{"line":91,"column":40}},"16":{"start":{"line":93,"column":6},"end":{"line":101,"column":7}},"17":{"start":{"line":94,"column":23},"end":{"line":94,"column":62}},"18":{"start":{"line":95,"column":30},"end":{"line":95,"column":52}},"19":{"start":{"line":97,"column":8},"end":{"line":100,"column":12}},"20":{"start":{"line":97,"column":36},"end":{"line":100,"column":9}},"21":{"start":{"line":103,"column":6},"end":{"line":103,"column":53}},"22":{"start":{"line":105,"column":6},"end":{"line":105,"column":71}},"23":{"start":{"line":105,"column":32},"end":{"line":105,"column":68}},"24":{"start":{"line":110,"column":25},"end":{"line":149,"column":3}},"25":{"start":{"line":111,"column":19},"end":{"line":111,"column":21}},"26":{"start":{"line":112,"column":16},"end":{"line":112,"column":17}},"27":{"start":{"line":113,"column":14},"end":{"line":113,"column":15}},"28":{"start":{"line":114,"column":14},"end":{"line":114,"column":15}},"29":{"start":{"line":116,"column":4},"end":{"line":146,"column":5}},"30":{"start":{"line":117,"column":18},"end":{"line":117,"column":19}},"31":{"start":{"line":118,"column":19},"end":{"line":118,"column":20}},"32":{"start":{"line":121,"column":6},"end":{"line":125,"column":29}},"33":{"start":{"line":122,"column":8},"end":{"line":122,"column":48}},"34":{"start":{"line":123,"column":8},"end":{"line":123,"column":41}},"35":{"start":{"line":124,"column":8},"end":{"line":124,"column":19}},"36":{"start":{"line":127,"column":24},"end":{"line":127,"column":75}},"37":{"start":{"line":128,"column":6},"end":{"line":128,"column":22}},"38":{"start":{"line":130,"column":6},"end":{"line":130,"column":16}},"39":{"start":{"line":131,"column":6},"end":{"line":131,"column":17}},"40":{"start":{"line":133,"column":6},"end":{"line":137,"column":29}},"41":{"start":{"line":134,"column":8},"end":{"line":134,"column":48}},"42":{"start":{"line":135,"column":8},"end":{"line":135,"column":41}},"43":{"start":{"line":136,"column":8},"end":{"line":136,"column":19}},"44":{"start":{"line":139,"column":24},"end":{"line":139,"column":75}},"45":{"start":{"line":140,"column":6},"end":{"line":140,"column":22}},"46":{"start":{"line":142,"column":6},"end":{"line":145,"column":9}},"47":{"start":{"line":148,"column":4},"end":{"line":148,"column":18}},"48":{"start":{"line":151,"column":27},"end":{"line":187,"column":3}},"49":{"start":{"line":152,"column":4},"end":{"line":186,"column":5}},"50":{"start":{"line":153,"column":22},"end":{"line":153,"column":70}},"51":{"start":{"line":154,"column":20},"end":{"line":154,"column":55}},"52":{"start":{"line":156,"column":6},"end":{"line":160,"column":7}},"53":{"start":{"line":157,"column":8},"end":{"line":157,"column":67}},"54":{"start":{"line":158,"column":8},"end":{"line":158,"column":22}},"55":{"start":{"line":159,"column":8},"end":{"line":159,"column":15}},"56":{"start":{"line":162,"column":18},"end":{"line":164,"column":8}},"57":{"start":{"line":166,"column":19},"end":{"line":166,"column":35}},"58":{"start":{"line":168,"column":6},"end":{"line":170,"column":7}},"59":{"start":{"line":169,"column":8},"end":{"line":169,"column":64}},"60":{"start":{"line":172,"column":6},"end":{"line":172,"column":21}},"61":{"start":{"line":175,"column":6},"end":{"line":179,"column":7}},"62":{"start":{"line":176,"column":8},"end":{"line":178,"column":11}},"63":{"start":{"line":177,"column":10},"end":{"line":177,"column":80}},"64":{"start":{"line":181,"column":6},"end":{"line":181,"column":37}},"65":{"start":{"line":182,"column":6},"end":{"line":182,"column":73}},"66":{"start":{"line":183,"column":6},"end":{"line":183,"column":72}},"67":{"start":{"line":185,"column":6},"end":{"line":185,"column":24}},"68":{"start":{"line":189,"column":24},"end":{"line":193,"column":3}},"69":{"start":{"line":190,"column":4},"end":{"line":192,"column":19}},"70":{"start":{"line":191,"column":16},"end":{"line":191,"column":58}},"71":{"start":{"line":195,"column":2},"end":{"line":203,"column":3}},"72":{"start":{"line":196,"column":4},"end":{"line":202,"column":6}},"73":{"start":{"line":205,"column":2},"end":{"line":220,"column":3}},"74":{"start":{"line":206,"column":4},"end":{"line":219,"column":6}},"75":{"start":{"line":214,"column":25},"end":{"line":214,"column":41}},"76":{"start":{"line":222,"column":2},"end":{"line":460,"column":4}},"77":{"start":{"line":228,"column":41},"end":{"line":228,"column":62}},"78":{"start":{"line":241,"column":10},"end":{"line":453,"column":17}}},"fnMap":{"0":{"name":"SeguimientoEnvio","decl":{"start":{"line":72,"column":24},"end":{"line":72,"column":40}},"loc":{"start":{"line":72,"column":43},"end":{"line":461,"column":1}},"line":72},"1":{"name":"(anonymous_1)","decl":{"start":{"line":79,"column":12},"end":{"line":79,"column":13}},"loc":{"start":{"line":79,"column":18},"end":{"line":81,"column":3}},"line":79},"2":{"name":"(anonymous_2)","decl":{"start":{"line":84,"column":22},"end":{"line":84,"column":23}},"loc":{"start":{"line":84,"column":109},"end":{"line":107,"column":3}},"line":84},"3":{"name":"(anonymous_3)","decl":{"start":{"line":86,"column":23},"end":{"line":86,"column":24}},"loc":{"start":{"line":86,"column":32},"end":{"line":86,"column":67}},"line":86},"4":{"name":"(anonymous_4)","decl":{"start":{"line":97,"column":27},"end":{"line":97,"column":28}},"loc":{"start":{"line":97,"column":36},"end":{"line":100,"column":9}},"line":97},"5":{"name":"(anonymous_5)","decl":{"start":{"line":105,"column":23},"end":{"line":105,"column":24}},"loc":{"start":{"line":105,"column":32},"end":{"line":105,"column":68}},"line":105},"6":{"name":"(anonymous_6)","decl":{"start":{"line":110,"column":25},"end":{"line":110,"column":26}},"loc":{"start":{"line":110,"column":46},"end":{"line":149,"column":3}},"line":110},"7":{"name":"(anonymous_7)","decl":{"start":{"line":151,"column":27},"end":{"line":151,"column":28}},"loc":{"start":{"line":151,"column":39},"end":{"line":187,"column":3}},"line":151},"8":{"name":"(anonymous_8)","decl":{"start":{"line":176,"column":33},"end":{"line":176,"column":34}},"loc":{"start":{"line":176,"column":74},"end":{"line":178,"column":9}},"line":176},"9":{"name":"(anonymous_9)","decl":{"start":{"line":189,"column":24},"end":{"line":189,"column":25}},"loc":{"start":{"line":189,"column":50},"end":{"line":193,"column":3}},"line":189},"10":{"name":"(anonymous_10)","decl":{"start":{"line":191,"column":11},"end":{"line":191,"column":12}},"loc":{"start":{"line":191,"column":16},"end":{"line":191,"column":58}},"line":191},"11":{"name":"(anonymous_11)","decl":{"start":{"line":214,"column":19},"end":{"line":214,"column":20}},"loc":{"start":{"line":214,"column":25},"end":{"line":214,"column":41}},"line":214},"12":{"name":"(anonymous_12)","decl":{"start":{"line":228,"column":35},"end":{"line":228,"column":36}},"loc":{"start":{"line":228,"column":41},"end":{"line":228,"column":62}},"line":228},"13":{"name":"(anonymous_13)","decl":{"start":{"line":240,"column":31},"end":{"line":240,"column":32}},"loc":{"start":{"line":241,"column":10},"end":{"line":453,"column":17}},"line":241}},"branchMap":{"0":{"loc":{"start":{"line":93,"column":6},"end":{"line":101,"column":7}},"type":"if","locations":[{"start":{"line":93,"column":6},"end":{"line":101,"column":7}},{"start":{},"end":{}}],"line":93},"1":{"loc":{"start":{"line":93,"column":10},"end":{"line":93,"column":47}},"type":"binary-expr","locations":[{"start":{"line":93,"column":10},"end":{"line":93,"column":21}},{"start":{"line":93,"column":25},"end":{"line":93,"column":47}}],"line":93},"2":{"loc":{"start":{"line":127,"column":24},"end":{"line":127,"column":75}},"type":"cond-expr","locations":[{"start":{"line":127,"column":45},"end":{"line":127,"column":59}},{"start":{"line":127,"column":63},"end":{"line":127,"column":74}}],"line":127},"3":{"loc":{"start":{"line":139,"column":24},"end":{"line":139,"column":75}},"type":"cond-expr","locations":[{"start":{"line":139,"column":45},"end":{"line":139,"column":59}},{"start":{"line":139,"column":63},"end":{"line":139,"column":74}}],"line":139},"4":{"loc":{"start":{"line":156,"column":6},"end":{"line":160,"column":7}},"type":"if","locations":[{"start":{"line":156,"column":6},"end":{"line":160,"column":7}},{"start":{},"end":{}}],"line":156},"5":{"loc":{"start":{"line":156,"column":10},"end":{"line":156,"column":28}},"type":"binary-expr","locations":[{"start":{"line":156,"column":10},"end":{"line":156,"column":18}},{"start":{"line":156,"column":22},"end":{"line":156,"column":28}}],"line":156},"6":{"loc":{"start":{"line":168,"column":6},"end":{"line":170,"column":7}},"type":"if","locations":[{"start":{"line":168,"column":6},"end":{"line":170,"column":7}},{"start":{},"end":{}}],"line":168},"7":{"loc":{"start":{"line":169,"column":24},"end":{"line":169,"column":62}},"type":"binary-expr","locations":[{"start":{"line":169,"column":24},"end":{"line":169,"column":34}},{"start":{"line":169,"column":38},"end":{"line":169,"column":62}}],"line":169},"8":{"loc":{"start":{"line":175,"column":6},"end":{"line":179,"column":7}},"type":"if","locations":[{"start":{"line":175,"column":6},"end":{"line":179,"column":7}},{"start":{},"end":{}}],"line":175},"9":{"loc":{"start":{"line":175,"column":10},"end":{"line":175,"column":61}},"type":"binary-expr","locations":[{"start":{"line":175,"column":10},"end":{"line":175,"column":33}},{"start":{"line":175,"column":37},"end":{"line":175,"column":61}}],"line":175},"10":{"loc":{"start":{"line":182,"column":15},"end":{"line":182,"column":71}},"type":"cond-expr","locations":[{"start":{"line":182,"column":38},"end":{"line":182,"column":49}},{"start":{"line":182,"column":52},"end":{"line":182,"column":71}}],"line":182},"11":{"loc":{"start":{"line":190,"column":12},"end":{"line":190,"column":34}},"type":"binary-expr","locations":[{"start":{"line":190,"column":12},"end":{"line":190,"column":28}},{"start":{"line":190,"column":32},"end":{"line":190,"column":34}}],"line":190},"12":{"loc":{"start":{"line":195,"column":2},"end":{"line":203,"column":3}},"type":"if","locations":[{"start":{"line":195,"column":2},"end":{"line":203,"column":3}},{"start":{},"end":{}}],"line":195},"13":{"loc":{"start":{"line":205,"column":2},"end":{"line":220,"column":3}},"type":"if","locations":[{"start":{"line":205,"column":2},"end":{"line":220,"column":3}},{"start":{},"end":{}}],"line":205},"14":{"loc":{"start":{"line":205,"column":6},"end":{"line":205,"column":21}},"type":"binary-expr","locations":[{"start":{"line":205,"column":6},"end":{"line":205,"column":11}},{"start":{"line":205,"column":15},"end":{"line":205,"column":21}}],"line":205},"15":{"loc":{"start":{"line":265,"column":30},"end":{"line":265,"column":71}},"type":"binary-expr","locations":[{"start":{"line":265,"column":30},"end":{"line":265,"column":59}},{"start":{"line":265,"column":63},"end":{"line":265,"column":71}}],"line":265},"16":{"loc":{"start":{"line":266,"column":31},"end":{"line":266,"column":72}},"type":"binary-expr","locations":[{"start":{"line":266,"column":31},"end":{"line":266,"column":60}},{"start":{"line":266,"column":64},"end":{"line":266,"column":72}}],"line":266},"17":{"loc":{"start":{"line":273,"column":19},"end":{"line":283,"column":19}},"type":"binary-expr","locations":[{"start":{"line":273,"column":19},"end":{"line":273,"column":43}},{"start":{"line":274,"column":20},"end":{"line":282,"column":22}}],"line":273},"18":{"loc":{"start":{"line":280,"column":35},"end":{"line":280,"column":75}},"type":"binary-expr","locations":[{"start":{"line":280,"column":35},"end":{"line":280,"column":54}},{"start":{"line":280,"column":58},"end":{"line":280,"column":75}}],"line":280},"19":{"loc":{"start":{"line":286,"column":19},"end":{"line":296,"column":19}},"type":"binary-expr","locations":[{"start":{"line":286,"column":19},"end":{"line":286,"column":44}},{"start":{"line":287,"column":20},"end":{"line":295,"column":22}}],"line":286},"20":{"loc":{"start":{"line":293,"column":35},"end":{"line":293,"column":77}},"type":"binary-expr","locations":[{"start":{"line":293,"column":35},"end":{"line":293,"column":55}},{"start":{"line":293,"column":59},"end":{"line":293,"column":77}}],"line":293},"21":{"loc":{"start":{"line":299,"column":19},"end":{"line":323,"column":19}},"type":"cond-expr","locations":[{"start":{"line":300,"column":20},"end":{"line":304,"column":22}},{"start":{"line":307,"column":20},"end":{"line":322,"column":21}}],"line":299},"22":{"loc":{"start":{"line":299,"column":19},"end":{"line":299,"column":78}},"type":"binary-expr","locations":[{"start":{"line":299,"column":19},"end":{"line":299,"column":41}},{"start":{"line":299,"column":45},"end":{"line":299,"column":78}}],"line":299},"23":{"loc":{"start":{"line":307,"column":20},"end":{"line":322,"column":21}},"type":"binary-expr","locations":[{"start":{"line":307,"column":20},"end":{"line":307,"column":44}},{"start":{"line":307,"column":48},"end":{"line":307,"column":73}},{"start":{"line":308,"column":22},"end":{"line":321,"column":24}}],"line":307},"24":{"loc":{"start":{"line":327,"column":17},"end":{"line":331,"column":17}},"type":"binary-expr","locations":[{"start":{"line":327,"column":17},"end":{"line":327,"column":37}},{"start":{"line":328,"column":18},"end":{"line":330,"column":25}}],"line":327},"25":{"loc":{"start":{"line":346,"column":19},"end":{"line":346,"column":57}},"type":"binary-expr","locations":[{"start":{"line":346,"column":19},"end":{"line":346,"column":50}},{"start":{"line":346,"column":54},"end":{"line":346,"column":57}}],"line":346},"26":{"loc":{"start":{"line":346,"column":60},"end":{"line":346,"column":99}},"type":"binary-expr","locations":[{"start":{"line":346,"column":60},"end":{"line":346,"column":93}},{"start":{"line":346,"column":97},"end":{"line":346,"column":99}}],"line":346},"27":{"loc":{"start":{"line":350,"column":19},"end":{"line":350,"column":59}},"type":"binary-expr","locations":[{"start":{"line":350,"column":19},"end":{"line":350,"column":52}},{"start":{"line":350,"column":56},"end":{"line":350,"column":59}}],"line":350},"28":{"loc":{"start":{"line":354,"column":19},"end":{"line":354,"column":53}},"type":"binary-expr","locations":[{"start":{"line":354,"column":19},"end":{"line":354,"column":46}},{"start":{"line":354,"column":50},"end":{"line":354,"column":53}}],"line":354},"29":{"loc":{"start":{"line":370,"column":19},"end":{"line":370,"column":51}},"type":"binary-expr","locations":[{"start":{"line":370,"column":19},"end":{"line":370,"column":44}},{"start":{"line":370,"column":48},"end":{"line":370,"column":51}}],"line":370},"30":{"loc":{"start":{"line":374,"column":19},"end":{"line":374,"column":50}},"type":"binary-expr","locations":[{"start":{"line":374,"column":19},"end":{"line":374,"column":43}},{"start":{"line":374,"column":47},"end":{"line":374,"column":50}}],"line":374},"31":{"loc":{"start":{"line":390,"column":19},"end":{"line":390,"column":58}},"type":"binary-expr","locations":[{"start":{"line":390,"column":19},"end":{"line":390,"column":51}},{"start":{"line":390,"column":55},"end":{"line":390,"column":58}}],"line":390},"32":{"loc":{"start":{"line":394,"column":19},"end":{"line":394,"column":63}},"type":"binary-expr","locations":[{"start":{"line":394,"column":19},"end":{"line":394,"column":56}},{"start":{"line":394,"column":60},"end":{"line":394,"column":63}}],"line":394},"33":{"loc":{"start":{"line":418,"column":29},"end":{"line":418,"column":55}},"type":"binary-expr","locations":[{"start":{"line":418,"column":29},"end":{"line":418,"column":48}},{"start":{"line":418,"column":52},"end":{"line":418,"column":55}}],"line":418},"34":{"loc":{"start":{"line":424,"column":21},"end":{"line":424,"column":93}},"type":"binary-expr","locations":[{"start":{"line":424,"column":21},"end":{"line":424,"column":70}},{"start":{"line":424,"column":74},"end":{"line":424,"column":93}}],"line":424},"35":{"loc":{"start":{"line":442,"column":30},"end":{"line":442,"column":57}},"type":"binary-expr","locations":[{"start":{"line":442,"column":30},"end":{"line":442,"column":50}},{"start":{"line":442,"column":54},"end":{"line":442,"column":57}}],"line":442},"36":{"loc":{"start":{"line":448,"column":21},"end":{"line":448,"column":92}},"type":"binary-expr","locations":[{"start":{"line":448,"column":21},"end":{"line":448,"column":69}},{"start":{"line":448,"column":73},"end":{"line":448,"column":92}}],"line":448}},"s":{"0":2,"1":2,"2":0,"3":0,"4":0,"5":0,"6":0,"7":0,"8":0,"9":0,"10":0,"11":0,"12":0,"13":0,"14":0,"15":0,"16":0,"17":0,"18":0,"19":0,"20":0,"21":0,"22":0,"23":0,"24":0,"25":0,"26":0,"27":0,"28":0,"29":0,"30":0,"31":0,"32":0,"33":0,"34":0,"35":0,"36":0,"37":0,"38":0,"39":0,"40":0,"41":0,"42":0,"43":0,"44":0,"45":0,"46":0,"47":0,"48":0,"49":0,"50":0,"51":0,"52":0,"53":0,"54":0,"55":0,"56":0,"57":0,"58":0,"59":0,"60":0,"61":0,"62":0,"63":0,"64":0,"65":0,"66":0,"67":0,"68":0,"69":0,"70":0,"71":0,"72":0,"73":0,"74":0,"75":0,"76":0,"77":0,"78":0},"f":{"0":0,"1":0,"2":0,"3":0,"4":0,"5":0,"6":0,"7":0,"8":0,"9":0,"10":0,"11":0,"12":0,"13":0},"b":{"0":[0,0],"1":[0,0],"2":[0,0],"3":[0,0],"4":[0,0],"5":[0,0],"6":[0,0],"7":[0,0],"8":[0,0],"9":[0,0],"10":[0,0],"11":[0,0],"12":[0,0],"13":[0,0],"14":[0,0],"15":[0,0],"16":[0,0],"17":[0,0],"18":[0,0],"19":[0,0],"20":[0,0],"21":[0,0],"22":[0,0],"23":[0,0,0],"24":[0,0],"25":[0,0],"26":[0,0],"27":[0,0],"28":[0,0],"29":[0,0],"30":[0,0],"31":[0,0],"32":[0,0],"33":[0,0],"34":[0,0],"35":[0,0],"36":[0,0]},"_coverageSchema":"1a1c01bbd47fc00a2c39e90264f33305004495a9","hash":"a176825cb2328febcaf7a1465a607f310ec196e5"}
,"C:\\Users\\Usuario\\Desktop\\Proyecto-Sistema-React-main\\Proyecto-Sistema-React-main\\app\\utils\\dateUtils.ts": {"path":"C:\\Users\\Usuario\\Desktop\\Proyecto-Sistema-React-main\\Proyecto-Sistema-React-main\\app\\utils\\dateUtils.ts","statementMap":{"0":{"start":{"line":1,"column":30},"end":{"line":13,"column":1}},"1":{"start":{"line":2,"column":2},"end":{"line":2,"column":46}},"2":{"start":{"line":2,"column":17},"end":{"line":2,"column":46}},"3":{"start":{"line":3,"column":2},"end":{"line":12,"column":3}},"4":{"start":{"line":4,"column":18},"end":{"line":4,"column":36}},"5":{"start":{"line":5,"column":4},"end":{"line":5,"column":61}},"6":{"start":{"line":5,"column":32},"end":{"line":5,"column":61}},"7":{"start":{"line":6,"column":16},"end":{"line":6,"column":56}},"8":{"start":{"line":7,"column":16},"end":{"line":7,"column":61}},"9":{"start":{"line":8,"column":16},"end":{"line":8,"column":35}},"10":{"start":{"line":9,"column":4},"end":{"line":9,"column":34}},"11":{"start":{"line":11,"column":4},"end":{"line":11,"column":33}},"12":{"start":{"line":15,"column":29},"end":{"line":26,"column":1}},"13":{"start":{"line":16,"column":2},"end":{"line":16,"column":44}},"14":{"start":{"line":16,"column":16},"end":{"line":16,"column":44}},"15":{"start":{"line":17,"column":2},"end":{"line":25,"column":3}},"16":{"start":{"line":18,"column":17},"end":{"line":18,"column":34}},"17":{"start":{"line":19,"column":4},"end":{"line":19,"column":59}},"18":{"start":{"line":19,"column":31},"end":{"line":19,"column":59}},"19":{"start":{"line":20,"column":18},"end":{"line":20,"column":61}},"20":{"start":{"line":21,"column":20},"end":{"line":21,"column":65}},"21":{"start":{"line":22,"column":4},"end":{"line":22,"column":33}},"22":{"start":{"line":24,"column":4},"end":{"line":24,"column":32}}},"fnMap":{"0":{"name":"(anonymous_0)","decl":{"start":{"line":1,"column":30},"end":{"line":1,"column":31}},"loc":{"start":{"line":1,"column":53},"end":{"line":13,"column":1}},"line":1},"1":{"name":"(anonymous_1)","decl":{"start":{"line":15,"column":29},"end":{"line":15,"column":30}},"loc":{"start":{"line":15,"column":51},"end":{"line":26,"column":1}},"line":15}},"branchMap":{"0":{"loc":{"start":{"line":2,"column":2},"end":{"line":2,"column":46}},"type":"if","locations":[{"start":{"line":2,"column":2},"end":{"line":2,"column":46}},{"start":{},"end":{}}],"line":2},"1":{"loc":{"start":{"line":5,"column":4},"end":{"line":5,"column":61}},"type":"if","locations":[{"start":{"line":5,"column":4},"end":{"line":5,"column":61}},{"start":{},"end":{}}],"line":5},"2":{"loc":{"start":{"line":16,"column":2},"end":{"line":16,"column":44}},"type":"if","locations":[{"start":{"line":16,"column":2},"end":{"line":16,"column":44}},{"start":{},"end":{}}],"line":16},"3":{"loc":{"start":{"line":19,"column":4},"end":{"line":19,"column":59}},"type":"if","locations":[{"start":{"line":19,"column":4},"end":{"line":19,"column":59}},{"start":{},"end":{}}],"line":19}},"s":{"0":3,"1":2,"2":0,"3":2,"4":2,"5":2,"6":1,"7":1,"8":1,"9":1,"10":1,"11":0,"12":3,"13":2,"14":0,"15":2,"16":2,"17":2,"18":1,"19":1,"20":1,"21":1,"22":0},"f":{"0":2,"1":2},"b":{"0":[0,2],"1":[1,1],"2":[0,2],"3":[1,1]},"_coverageSchema":"1a1c01bbd47fc00a2c39e90264f33305004495a9","hash":"b8461f7a07051c87e2df1dc601935250a50c3e11"}
,"C:\\Users\\Usuario\\Desktop\\Proyecto-Sistema-React-main\\Proyecto-Sistema-React-main\\app\\utils\\validationUtils.ts": {"path":"C:\\Users\\Usuario\\Desktop\\Proyecto-Sistema-React-main\\Proyecto-Sistema-React-main\\app\\utils\\validationUtils.ts","statementMap":{"0":{"start":{"line":1,"column":28},"end":{"line":4,"column":1}},"1":{"start":{"line":2,"column":21},"end":{"line":2,"column":51}},"2":{"start":{"line":3,"column":2},"end":{"line":3,"column":32}}},"fnMap":{"0":{"name":"(anonymous_0)","decl":{"start":{"line":1,"column":28},"end":{"line":1,"column":29}},"loc":{"start":{"line":1,"column":47},"end":{"line":4,"column":1}},"line":1}},"branchMap":{},"s":{"0":3,"1":4,"2":4},"f":{"0":4},"b":{},"_coverageSchema":"1a1c01bbd47fc00a2c39e90264f33305004495a9","hash":"e2e4a63d02573fead89c0fcc5cc342c582e70e6a"}
,"C:\\Users\\Usuario\\Desktop\\Proyecto-Sistema-React-main\\Proyecto-Sistema-React-main\\components\\ThemedText.tsx": {"path":"C:\\Users\\Usuario\\Desktop\\Proyecto-Sistema-React-main\\Proyecto-Sistema-React-main\\components\\ThemedText.tsx","statementMap":{"0":{"start":{"line":18,"column":16},"end":{"line":18,"column":77}},"1":{"start":{"line":20,"column":2},"end":{"line":33,"column":4}},"2":{"start":{"line":36,"column":15},"end":{"line":60,"column":2}}},"fnMap":{"0":{"name":"ThemedText","decl":{"start":{"line":11,"column":16},"end":{"line":11,"column":26}},"loc":{"start":{"line":17,"column":20},"end":{"line":34,"column":1}},"line":17}},"branchMap":{"0":{"loc":{"start":{"line":15,"column":2},"end":{"line":15,"column":18}},"type":"default-arg","locations":[{"start":{"line":15,"column":9},"end":{"line":15,"column":18}}],"line":15},"1":{"loc":{"start":{"line":24,"column":8},"end":{"line":24,"column":55}},"type":"cond-expr","locations":[{"start":{"line":24,"column":29},"end":{"line":24,"column":43}},{"start":{"line":24,"column":46},"end":{"line":24,"column":55}}],"line":24},"2":{"loc":{"start":{"line":25,"column":8},"end":{"line":25,"column":51}},"type":"cond-expr","locations":[{"start":{"line":25,"column":27},"end":{"line":25,"column":39}},{"start":{"line":25,"column":42},"end":{"line":25,"column":51}}],"line":25},"3":{"loc":{"start":{"line":26,"column":8},"end":{"line":26,"column":71}},"type":"cond-expr","locations":[{"start":{"line":26,"column":37},"end":{"line":26,"column":59}},{"start":{"line":26,"column":62},"end":{"line":26,"column":71}}],"line":26},"4":{"loc":{"start":{"line":27,"column":8},"end":{"line":27,"column":57}},"type":"cond-expr","locations":[{"start":{"line":27,"column":30},"end":{"line":27,"column":45}},{"start":{"line":27,"column":48},"end":{"line":27,"column":57}}],"line":27},"5":{"loc":{"start":{"line":28,"column":8},"end":{"line":28,"column":49}},"type":"cond-expr","locations":[{"start":{"line":28,"column":26},"end":{"line":28,"column":37}},{"start":{"line":28,"column":40},"end":{"line":28,"column":49}}],"line":28}},"s":{"0":1,"1":1,"2":1},"f":{"0":1},"b":{"0":[1],"1":[0,0],"2":[0,0],"3":[0,0],"4":[0,0],"5":[0,0]},"_coverageSchema":"1a1c01bbd47fc00a2c39e90264f33305004495a9","hash":"5f77698635d02ad0b37569bc958c792d14f09d58"}
}
