TN:
SF:app\(auth)\login.tsx
FN:20,Login
FN:34,(anonymous_1)
FN:36,(anonymous_2)
FN:41,(anonymous_3)
FN:46,(anonymous_4)
FN:48,(anonymous_5)
FN:49,(anonymous_6)
FN:57,(anonymous_7)
FN:59,(anonymous_8)
FN:62,(anonymous_9)
FN:110,(anonymous_10)
FN:111,(anonymous_11)
FN:133,(anonymous_12)
FN:134,(anonymous_13)
FN:149,(anonymous_14)
FN:162,(anonymous_15)
FN:164,(anonymous_16)
FN:172,(anonymous_17)
FN:174,(anonymous_18)
FNF:19
FNH:0
FNDA:0,Login
FNDA:0,(anonymous_1)
FNDA:0,(anonymous_2)
FNDA:0,(anonymous_3)
FNDA:0,(anonymous_4)
FNDA:0,(anonymous_5)
FNDA:0,(anonymous_6)
FNDA:0,(anonymous_7)
FNDA:0,(anonymous_8)
FNDA:0,(anonymous_9)
FNDA:0,(anonymous_10)
FNDA:0,(anonymous_11)
FNDA:0,(anonymous_12)
FNDA:0,(anonymous_13)
FNDA:0,(anonymous_14)
FNDA:0,(anonymous_15)
FNDA:0,(anonymous_16)
FNDA:0,(anonymous_17)
FNDA:0,(anonymous_18)
DA:21,0
DA:22,0
DA:24,0
DA:25,0
DA:26,0
DA:27,0
DA:28,0
DA:29,0
DA:30,0
DA:31,0
DA:34,0
DA:35,0
DA:36,0
DA:37,0
DA:38,0
DA:39,0
DA:41,0
DA:46,0
DA:47,0
DA:48,0
DA:49,0
DA:53,0
DA:54,0
DA:55,0
DA:57,0
DA:58,0
DA:59,0
DA:62,0
DA:63,0
DA:64,0
DA:65,0
DA:67,0
DA:68,0
DA:69,0
DA:74,0
DA:75,0
DA:76,0
DA:77,0
DA:78,0
DA:80,0
DA:82,0
DA:86,0
DA:110,0
DA:111,0
DA:133,0
DA:134,0
DA:149,0
DA:162,0
DA:164,0
DA:172,0
DA:174,0
LF:51
LH:0
BRDA:35,0,0,0
BRDA:35,0,1,0
BRDA:47,1,0,0
BRDA:47,1,1,0
BRDA:55,2,0,0
BRDA:55,2,1,0
BRDA:64,3,0,0
BRDA:64,3,1,0
BRDA:75,4,0,0
BRDA:75,4,1,0
BRDA:75,5,0,0
BRDA:75,5,1,0
BRDA:80,6,0,0
BRDA:80,6,1,0
BRDA:93,7,0,0
BRDA:93,7,1,0
BRDA:107,8,0,0
BRDA:107,8,1,0
BRDA:107,9,0,0
BRDA:107,9,1,0
BRDA:107,10,0,0
BRDA:107,10,1,0
BRDA:116,11,0,0
BRDA:116,11,1,0
BRDA:116,11,2,0
BRDA:130,12,0,0
BRDA:130,12,1,0
BRDA:130,13,0,0
BRDA:130,13,1,0
BRDA:130,14,0,0
BRDA:130,14,1,0
BRDA:137,15,0,0
BRDA:137,15,1,0
BRDA:137,15,2,0
BRDA:149,16,0,0
BRDA:149,16,1,0
BRDA:151,17,0,0
BRDA:151,17,1,0
BRDA:163,18,0,0
BRDA:163,18,1,0
BRDA:163,18,2,0
BRDA:164,19,0,0
BRDA:164,19,1,0
BRDA:164,20,0,0
BRDA:164,20,1,0
BRDA:164,20,2,0
BRDA:164,21,0,0
BRDA:164,21,1,0
BRDA:173,22,0,0
BRDA:173,22,1,0
BRDA:173,22,2,0
BRDA:174,23,0,0
BRDA:174,23,1,0
BRDA:174,24,0,0
BRDA:174,24,1,0
BRDA:174,24,2,0
BRDA:174,25,0,0
BRDA:174,25,1,0
BRDA:186,26,0,0
BRDA:186,26,1,0
BRDA:198,27,0,0
BRDA:198,27,1,0
BRF:62
BRH:0
end_of_record
TN:
SF:app\(drawer)\home.tsx
FN:31,HomeScreen
FN:42,(anonymous_1)
FN:62,(anonymous_2)
FN:63,(anonymous_3)
FN:77,(anonymous_4)
FN:82,(anonymous_5)
FN:91,(anonymous_6)
FN:108,(anonymous_7)
FN:123,(anonymous_8)
FN:154,(anonymous_9)
FN:174,(anonymous_10)
FN:181,(anonymous_11)
FN:188,(anonymous_12)
FN:212,(anonymous_13)
FN:234,(anonymous_14)
FNF:15
FNH:0
FNDA:0,HomeScreen
FNDA:0,(anonymous_1)
FNDA:0,(anonymous_2)
FNDA:0,(anonymous_3)
FNDA:0,(anonymous_4)
FNDA:0,(anonymous_5)
FNDA:0,(anonymous_6)
FNDA:0,(anonymous_7)
FNDA:0,(anonymous_8)
FNDA:0,(anonymous_9)
FNDA:0,(anonymous_10)
FNDA:0,(anonymous_11)
FNDA:0,(anonymous_12)
FNDA:0,(anonymous_13)
FNDA:0,(anonymous_14)
DA:32,0
DA:33,0
DA:34,0
DA:35,0
DA:36,0
DA:37,0
DA:39,0
DA:42,0
DA:43,0
DA:44,0
DA:45,0
DA:46,0
DA:47,0
DA:50,0
DA:51,0
DA:53,0
DA:54,0
DA:56,0
DA:61,0
DA:63,0
DA:64,0
DA:65,0
DA:66,0
DA:67,0
DA:68,0
DA:69,0
DA:72,0
DA:76,0
DA:78,0
DA:82,0
DA:83,0
DA:84,0
DA:85,0
DA:87,0
DA:91,0
DA:92,0
DA:93,0
DA:95,0
DA:97,0
DA:99,0
DA:101,0
DA:103,0
DA:108,0
DA:109,0
DA:124,0
DA:148,0
DA:154,0
DA:174,0
DA:181,0
DA:188,0
DA:213,0
DA:214,0
DA:234,0
LF:53
LH:0
BRDA:46,0,0,0
BRDA:46,0,1,0
BRDA:51,1,0,0
BRDA:51,1,1,0
BRDA:65,2,0,0
BRDA:65,2,1,0
BRDA:66,3,0,0
BRDA:66,3,1,0
BRDA:67,4,0,0
BRDA:67,4,1,0
BRDA:68,5,0,0
BRDA:68,5,1,0
BRDA:84,6,0,0
BRDA:84,6,1,0
BRDA:92,7,0,0
BRDA:92,7,1,0
BRDA:93,8,0,0
BRDA:93,8,1,0
BRDA:95,9,0,0
BRDA:95,9,1,0
BRDA:95,9,2,0
BRDA:95,9,3,0
BRDA:97,10,0,0
BRDA:97,10,1,0
BRDA:101,11,0,0
BRDA:101,11,1,0
BRDA:137,12,0,0
BRDA:137,12,1,0
BRDA:141,13,0,0
BRDA:141,13,1,0
BRDA:159,14,0,0
BRDA:159,14,1,0
BRDA:164,15,0,0
BRDA:164,15,1,0
BRDA:164,15,2,0
BRDA:169,16,0,0
BRDA:169,16,1,0
BRDA:173,17,0,0
BRDA:173,17,1,0
BRDA:176,18,0,0
BRDA:176,18,1,0
BRDA:180,19,0,0
BRDA:180,19,1,0
BRDA:183,20,0,0
BRDA:183,20,1,0
BRDA:187,21,0,0
BRDA:187,21,1,0
BRDA:190,22,0,0
BRDA:190,22,1,0
BRDA:197,23,0,0
BRDA:197,23,1,0
BRDA:197,24,0,0
BRDA:197,24,1,0
BRDA:209,25,0,0
BRDA:209,25,1,0
BRDA:222,26,0,0
BRDA:222,26,1,0
BRDA:223,27,0,0
BRDA:223,27,1,0
BRDA:227,28,0,0
BRDA:227,28,1,0
BRF:61
BRH:0
end_of_record
TN:
SF:app\(drawer)\seguimiento_envio.tsx
FN:72,SeguimientoEnvio
FN:79,(anonymous_1)
FN:84,(anonymous_2)
FN:86,(anonymous_3)
FN:97,(anonymous_4)
FN:105,(anonymous_5)
FN:110,(anonymous_6)
FN:151,(anonymous_7)
FN:176,(anonymous_8)
FN:189,(anonymous_9)
FN:191,(anonymous_10)
FN:214,(anonymous_11)
FN:228,(anonymous_12)
FN:240,(anonymous_13)
FNF:14
FNH:0
FNDA:0,SeguimientoEnvio
FNDA:0,(anonymous_1)
FNDA:0,(anonymous_2)
FNDA:0,(anonymous_3)
FNDA:0,(anonymous_4)
FNDA:0,(anonymous_5)
FNDA:0,(anonymous_6)
FNDA:0,(anonymous_7)
FNDA:0,(anonymous_8)
FNDA:0,(anonymous_9)
FNDA:0,(anonymous_10)
FNDA:0,(anonymous_11)
FNDA:0,(anonymous_12)
FNDA:0,(anonymous_13)
DA:19,2
DA:20,2
DA:73,0
DA:74,0
DA:75,0
DA:76,0
DA:77,0
DA:79,0
DA:80,0
DA:84,0
DA:85,0
DA:86,0
DA:88,0
DA:90,0
DA:91,0
DA:93,0
DA:94,0
DA:95,0
DA:97,0
DA:103,0
DA:105,0
DA:110,0
DA:111,0
DA:112,0
DA:113,0
DA:114,0
DA:116,0
DA:117,0
DA:118,0
DA:121,0
DA:122,0
DA:123,0
DA:124,0
DA:127,0
DA:128,0
DA:130,0
DA:131,0
DA:133,0
DA:134,0
DA:135,0
DA:136,0
DA:139,0
DA:140,0
DA:142,0
DA:148,0
DA:151,0
DA:152,0
DA:153,0
DA:154,0
DA:156,0
DA:157,0
DA:158,0
DA:159,0
DA:162,0
DA:166,0
DA:168,0
DA:169,0
DA:172,0
DA:175,0
DA:176,0
DA:177,0
DA:181,0
DA:182,0
DA:183,0
DA:185,0
DA:189,0
DA:190,0
DA:191,0
DA:195,0
DA:196,0
DA:205,0
DA:206,0
DA:214,0
DA:222,0
DA:228,0
DA:241,0
LF:76
LH:2
BRDA:93,0,0,0
BRDA:93,0,1,0
BRDA:93,1,0,0
BRDA:93,1,1,0
BRDA:127,2,0,0
BRDA:127,2,1,0
BRDA:139,3,0,0
BRDA:139,3,1,0
BRDA:156,4,0,0
BRDA:156,4,1,0
BRDA:156,5,0,0
BRDA:156,5,1,0
BRDA:168,6,0,0
BRDA:168,6,1,0
BRDA:169,7,0,0
BRDA:169,7,1,0
BRDA:175,8,0,0
BRDA:175,8,1,0
BRDA:175,9,0,0
BRDA:175,9,1,0
BRDA:182,10,0,0
BRDA:182,10,1,0
BRDA:190,11,0,0
BRDA:190,11,1,0
BRDA:195,12,0,0
BRDA:195,12,1,0
BRDA:205,13,0,0
BRDA:205,13,1,0
BRDA:205,14,0,0
BRDA:205,14,1,0
BRDA:265,15,0,0
BRDA:265,15,1,0
BRDA:266,16,0,0
BRDA:266,16,1,0
BRDA:273,17,0,0
BRDA:273,17,1,0
BRDA:280,18,0,0
BRDA:280,18,1,0
BRDA:286,19,0,0
BRDA:286,19,1,0
BRDA:293,20,0,0
BRDA:293,20,1,0
BRDA:299,21,0,0
BRDA:299,21,1,0
BRDA:299,22,0,0
BRDA:299,22,1,0
BRDA:307,23,0,0
BRDA:307,23,1,0
BRDA:307,23,2,0
BRDA:327,24,0,0
BRDA:327,24,1,0
BRDA:346,25,0,0
BRDA:346,25,1,0
BRDA:346,26,0,0
BRDA:346,26,1,0
BRDA:350,27,0,0
BRDA:350,27,1,0
BRDA:354,28,0,0
BRDA:354,28,1,0
BRDA:370,29,0,0
BRDA:370,29,1,0
BRDA:374,30,0,0
BRDA:374,30,1,0
BRDA:390,31,0,0
BRDA:390,31,1,0
BRDA:394,32,0,0
BRDA:394,32,1,0
BRDA:418,33,0,0
BRDA:418,33,1,0
BRDA:424,34,0,0
BRDA:424,34,1,0
BRDA:442,35,0,0
BRDA:442,35,1,0
BRDA:448,36,0,0
BRDA:448,36,1,0
BRF:75
BRH:0
end_of_record
TN:
SF:app\utils\dateUtils.ts
FN:1,(anonymous_0)
FN:15,(anonymous_1)
FNF:2
FNH:2
FNDA:2,(anonymous_0)
FNDA:2,(anonymous_1)
DA:1,3
DA:2,2
DA:3,2
DA:4,2
DA:5,2
DA:6,1
DA:7,1
DA:8,1
DA:9,1
DA:11,0
DA:15,3
DA:16,2
DA:17,2
DA:18,2
DA:19,2
DA:20,1
DA:21,1
DA:22,1
DA:24,0
LF:19
LH:17
BRDA:2,0,0,0
BRDA:2,0,1,2
BRDA:5,1,0,1
BRDA:5,1,1,1
BRDA:16,2,0,0
BRDA:16,2,1,2
BRDA:19,3,0,1
BRDA:19,3,1,1
BRF:8
BRH:6
end_of_record
TN:
SF:app\utils\validationUtils.ts
FN:1,(anonymous_0)
FNF:1
FNH:1
FNDA:4,(anonymous_0)
DA:1,3
DA:2,4
DA:3,4
LF:3
LH:3
BRF:0
BRH:0
end_of_record
TN:
SF:components\ThemedText.tsx
FN:11,ThemedText
FNF:1
FNH:1
FNDA:1,ThemedText
DA:18,1
DA:20,1
DA:36,1
LF:3
LH:3
BRDA:15,0,0,1
BRDA:24,1,0,0
BRDA:24,1,1,0
BRDA:25,2,0,0
BRDA:25,2,1,0
BRDA:26,3,0,0
BRDA:26,3,1,0
BRDA:27,4,0,0
BRDA:27,4,1,0
BRDA:28,5,0,0
BRDA:28,5,1,0
BRF:11
BRH:1
end_of_record
